<?xml version="1.0" encoding="UTF-8"?>
<!-- Generated by org.testng.reporters.JUnitReportReporter -->
<testsuite hostname="Dell-PC" failures="0" tests="1" name="com.inetbanking.testCases.TC_LoginPage" time="4.913" errors="0" timestamp="2021-01-16T11:33:52 IST" skipped="0">
  <testcase classname="com.inetbanking.testCases.TC_LoginPage" name="TC_001" time="4.913"/>
  <system-out/>
</testsuite> <!-- com.inetbanking.testCases.TC_LoginPage -->
